<?xml version="1.0" encoding="UTF-8"?>
<testsuite xmlns:xsi="http://www.w3.org/2001/XMLSchema-instance" xsi:noNamespaceSchemaLocation="https://maven.apache.org/surefire/maven-surefire-plugin/xsd/surefire-test-report-3.0.xsd" version="3.0" name="com.manueljenni.poker.HandComparerTest" time="0.073" tests="11" errors="0" skipped="0" failures="0">
  <properties>
[...]
</properties>
  <testcase name="getWinningHand__TwoPairsEqual" classname="com.manueljenni.poker.HandComparerTest" time="0.034"/>
  <testcase name="getWinningHand__highCard" classname="com.manueljenni.poker.HandComparerTest" time="0.001"/>
  <testcase name="getWinningHand__ThreeAKind" classname="com.manueljenni.poker.HandComparerTest" time="0.001"/>
  <testcase name="getWinningHand__differentTypes" classname="com.manueljenni.poker.HandComparerTest" time="0.001"/>
  <testcase name="getWinningHand__FourAKind" classname="com.manueljenni.poker.HandComparerTest" time="0.003"/>
  <testcase name="getWinningHand__Pair" classname="com.manueljenni.poker.HandComparerTest" time="0.002"/>
  <testcase name="getWinningHand__Flush" classname="com.manueljenni.poker.HandComparerTest" time="0.001"/>
  <testcase name="getWinningHand__Straight" classname="com.manueljenni.poker.HandComparerTest" time="0.001"/>
  <testcase name="getWinningHand__FullHouse" classname="com.manueljenni.poker.HandComparerTest" time="0.003"/>
  <testcase name="getWinningHand__TwoPairs" classname="com.manueljenni.poker.HandComparerTest" time="0.001"/>
  <testcase name="getWinningHand__PairEqual" classname="com.manueljenni.poker.HandComparerTest" time="0.001"/>
</testsuite>